2026-06-19 14:42:57.421  INFO 89494 --- [main] com.project.config.Application           : Starting Application on Sanchits-MacBook.local with PID 89494 (/Users/san/Downloads/notification-service-master/target/classes started by san in /Users/san/Downloads/notification-service-master)
2026-06-19 14:42:57.425  INFO 89494 --- [main] com.project.config.Application           : No active profile set, falling back to default profiles: default
2026-06-19 14:42:57.650  INFO 89494 --- [main] .s.d.r.c.RepositoryConfigurationDelegate : Bootstrapping Spring Data repositories in DEFAULT mode.
2026-06-19 14:42:57.671  INFO 89494 --- [main] .s.d.r.c.RepositoryConfigurationDelegate : Finished Spring Data repository scanning in 19ms. Found 2 repository interfaces.
2026-06-19 14:42:57.860  INFO 89494 --- [main] trationDelegate$BeanPostProcessorChecker : Bean 'org.springframework.transaction.annotation.ProxyTransactionManagementConfiguration' of type [org.springframework.transaction.annotation.ProxyTransactionManagementConfiguration$$EnhancerBySpringCGLIB$$fed126a] is not eligible for getting processed by all BeanPostProcessors (for example: not eligible for auto-proxying)
2026-06-19 14:42:58.027  INFO 89494 --- [main] o.s.b.w.embedded.tomcat.TomcatWebServer  : Tomcat initialized with port(s): 8080 (http)
2026-06-19 14:42:58.036  INFO 89494 --- [main] o.apache.catalina.core.StandardService   : Starting service [Tomcat]
2026-06-19 14:42:58.036  INFO 89494 --- [main] org.apache.catalina.core.StandardEngine  : Starting Servlet Engine: Apache Tomcat/9.0.13
2026-06-19 14:42:58.041  INFO 89494 --- [main] o.a.catalina.core.AprLifecycleListener   : The APR based Apache Tomcat Native library which allows optimal performance in production environments was not found on the java.library.path: [/Users/san/Library/Java/Extensions:/Library/Java/Extensions:/Network/Library/Java/Extensions:/System/Library/Java/Extensions:/usr/lib/java:.]
2026-06-19 14:42:58.068  INFO 89494 --- [main] o.a.c.c.C.[Tomcat].[localhost].[/]       : Initializing Spring embedded WebApplicationContext
2026-06-19 14:42:58.068  INFO 89494 --- [main] o.s.web.context.ContextLoader            : Root WebApplicationContext: initialization completed in 617 ms
2026-06-19 14:42:58.092  INFO 89494 --- [main] com.project.db.DatabaseConfig            : HSQL Database initializing..
2026-06-19 14:42:58.095  INFO 89494 --- [main] o.s.j.d.e.EmbeddedDatabaseFactory        : Starting embedded database: url='jdbc:hsqldb:mem:testdb', username='sa'
2026-06-19 14:42:58.249  INFO 89494 --- [main] o.hibernate.jpa.internal.util.LogHelper  : HHH000204: Processing PersistenceUnitInfo [
	name: default
	...]
2026-06-19 14:42:58.278  INFO 89494 --- [main] org.hibernate.Version                    : HHH000412: Hibernate Core {5.3.7.Final}
2026-06-19 14:42:58.278  INFO 89494 --- [main] org.hibernate.cfg.Environment            : HHH000206: hibernate.properties not found
2026-06-19 14:42:58.336  INFO 89494 --- [main] o.hibernate.annotations.common.Version   : HCANN000001: Hibernate Commons Annotations {5.0.4.Final}
2026-06-19 14:42:58.390  INFO 89494 --- [main] org.hibernate.dialect.Dialect            : HHH000400: Using dialect: org.hibernate.dialect.HSQLDialect
2026-06-19 14:42:58.580  INFO 89494 --- [main] j.LocalContainerEntityManagerFactoryBean : Initialized JPA EntityManagerFactory for persistence unit 'default'
2026-06-19 14:42:58.961  INFO 89494 --- [main] o.s.s.concurrent.ThreadPoolTaskExecutor  : Initializing ExecutorService 'applicationTaskExecutor'
2026-06-19 14:42:58.988  WARN 89494 --- [main] aWebConfiguration$JpaWebMvcConfiguration : spring.jpa.open-in-view is enabled by default. Therefore, database queries may be performed during view rendering. Explicitly configure spring.jpa.open-in-view to disable this warning
2026-06-19 14:42:59.089  INFO 89494 --- [main] o.s.b.w.embedded.tomcat.TomcatWebServer  : Tomcat started on port(s): 8080 (http) with context path ''
2026-06-19 14:42:59.090  INFO 89494 --- [main] com.project.config.Application           : Started Application in 1.814 seconds (JVM running for 11.23)
2026-06-19 14:42:59.091  INFO 89494 --- [main] com.project.config.Application           : Notification Service running...
2026-06-19 14:43:18.609  INFO 89494 --- [http-nio-8080-exec-1] o.a.c.c.C.[Tomcat].[localhost].[/]       : Initializing Spring DispatcherServlet 'dispatcherServlet'
2026-06-19 14:43:18.610  INFO 89494 --- [http-nio-8080-exec-1] o.s.web.servlet.DispatcherServlet        : Initializing Servlet 'dispatcherServlet'
2026-06-19 14:43:18.626  INFO 89494 --- [http-nio-8080-exec-1] o.s.web.servlet.DispatcherServlet        : Completed initialization in 15 ms
2026-06-19 14:46:58.791  INFO 89494 --- [http-nio-8080-exec-6] o.h.h.i.QueryTranslatorFactoryInitiator  : HHH000397: Using ASTQueryTranslatorFactory
2026-06-19 14:48:21.575  WARN 89494 --- [http-nio-8080-exec-9] .w.s.m.s.DefaultHandlerExceptionResolver : Resolved [org.springframework.web.HttpRequestMethodNotSupportedException: Request method 'GET' not supported]
2026-06-19 14:52:10.852  INFO 89494 --- [Thread-4] o.s.s.concurrent.ThreadPoolTaskExecutor  : Shutting down ExecutorService 'applicationTaskExecutor'
2026-06-19 14:52:10.855  INFO 89494 --- [Thread-4] j.LocalContainerEntityManagerFactoryBean : Closing JPA EntityManagerFactory for persistence unit 'default'
2026-06-19 14:52:10.865  INFO 89494 --- [Thread-4] o.s.j.d.e.EmbeddedDatabaseFactory        : Shutting down embedded database: url='jdbc:hsqldb:mem:testdb'
2026-06-19 14:53:44.714  INFO 89758 --- [main] com.project.config.Application           : Starting Application on Sanchits-MacBook.local with PID 89758 (/Users/san/Downloads/notification-service-master/target/classes started by san in /Users/san/Downloads/notification-service-master)
2026-06-19 14:53:44.716  INFO 89758 --- [main] com.project.config.Application           : No active profile set, falling back to default profiles: default
2026-06-19 14:53:44.936  INFO 89758 --- [main] .s.d.r.c.RepositoryConfigurationDelegate : Bootstrapping Spring Data repositories in DEFAULT mode.
2026-06-19 14:53:44.961  INFO 89758 --- [main] .s.d.r.c.RepositoryConfigurationDelegate : Finished Spring Data repository scanning in 20ms. Found 2 repository interfaces.
2026-06-19 14:53:45.201  INFO 89758 --- [main] trationDelegate$BeanPostProcessorChecker : Bean 'org.springframework.transaction.annotation.ProxyTransactionManagementConfiguration' of type [org.springframework.transaction.annotation.ProxyTransactionManagementConfiguration$$EnhancerBySpringCGLIB$$9bba6c3c] is not eligible for getting processed by all BeanPostProcessors (for example: not eligible for auto-proxying)
2026-06-19 14:53:45.374  INFO 89758 --- [main] o.s.b.w.embedded.tomcat.TomcatWebServer  : Tomcat initialized with port(s): 8080 (http)
2026-06-19 14:53:45.391  INFO 89758 --- [main] o.apache.catalina.core.StandardService   : Starting service [Tomcat]
2026-06-19 14:53:45.391  INFO 89758 --- [main] org.apache.catalina.core.StandardEngine  : Starting Servlet Engine: Apache Tomcat/9.0.13
2026-06-19 14:53:45.407  INFO 89758 --- [main] o.a.catalina.core.AprLifecycleListener   : The APR based Apache Tomcat Native library which allows optimal performance in production environments was not found on the java.library.path: [/Users/san/Library/Java/Extensions:/Library/Java/Extensions:/Network/Library/Java/Extensions:/System/Library/Java/Extensions:/usr/lib/java:.]
2026-06-19 14:53:45.446  INFO 89758 --- [main] o.a.c.c.C.[Tomcat].[localhost].[/]       : Initializing Spring embedded WebApplicationContext
2026-06-19 14:53:45.447  INFO 89758 --- [main] o.s.web.context.ContextLoader            : Root WebApplicationContext: initialization completed in 705 ms
2026-06-19 14:53:45.483  INFO 89758 --- [main] com.project.db.DatabaseConfig            : HSQL Database initializing..
2026-06-19 14:53:45.488  INFO 89758 --- [main] o.s.j.d.e.EmbeddedDatabaseFactory        : Starting embedded database: url='jdbc:hsqldb:mem:testdb', username='sa'
2026-06-19 14:53:45.691  INFO 89758 --- [main] o.hibernate.jpa.internal.util.LogHelper  : HHH000204: Processing PersistenceUnitInfo [
	name: default
	...]
2026-06-19 14:53:45.726  INFO 89758 --- [main] org.hibernate.Version                    : HHH000412: Hibernate Core {5.3.7.Final}
2026-06-19 14:53:45.727  INFO 89758 --- [main] org.hibernate.cfg.Environment            : HHH000206: hibernate.properties not found
2026-06-19 14:53:45.830  INFO 89758 --- [main] o.hibernate.annotations.common.Version   : HCANN000001: Hibernate Commons Annotations {5.0.4.Final}
2026-06-19 14:53:45.901  INFO 89758 --- [main] org.hibernate.dialect.Dialect            : HHH000400: Using dialect: org.hibernate.dialect.HSQLDialect
2026-06-19 14:53:46.173  INFO 89758 --- [main] j.LocalContainerEntityManagerFactoryBean : Initialized JPA EntityManagerFactory for persistence unit 'default'
2026-06-19 14:53:46.432  INFO 89758 --- [main] o.s.s.concurrent.ThreadPoolTaskExecutor  : Initializing ExecutorService 'applicationTaskExecutor'
2026-06-19 14:53:46.451  WARN 89758 --- [main] aWebConfiguration$JpaWebMvcConfiguration : spring.jpa.open-in-view is enabled by default. Therefore, database queries may be performed during view rendering. Explicitly configure spring.jpa.open-in-view to disable this warning
2026-06-19 14:53:46.547  INFO 89758 --- [main] o.s.b.w.embedded.tomcat.TomcatWebServer  : Tomcat started on port(s): 8080 (http) with context path ''
2026-06-19 14:53:46.548  INFO 89758 --- [main] com.project.config.Application           : Started Application in 2.056 seconds (JVM running for 4.674)
2026-06-19 14:53:46.549  INFO 89758 --- [main] com.project.config.Application           : Notification Service running...
2026-06-19 15:05:01.060  INFO 89758 --- [Thread-4] o.s.s.concurrent.ThreadPoolTaskExecutor  : Shutting down ExecutorService 'applicationTaskExecutor'
2026-06-19 15:05:01.063  INFO 89758 --- [Thread-4] j.LocalContainerEntityManagerFactoryBean : Closing JPA EntityManagerFactory for persistence unit 'default'
2026-06-19 15:05:01.069  INFO 89758 --- [Thread-4] o.s.j.d.e.EmbeddedDatabaseFactory        : Shutting down embedded database: url='jdbc:hsqldb:mem:testdb'
